<?xml version="1.0" encoding="UTF-8"?>
<testsuite xmlns:xsi="http://www.w3.org/2001/XMLSchema-instance" xsi:noNamespaceSchemaLocation="https://maven.apache.org/surefire/maven-surefire-plugin/xsd/surefire-test-report.xsd" name="FirstPackagesTest" time="0.247" tests="8" errors="0" skipped="0" failures="2">
  <properties>
    <property name="sun.desktop" value="windows"/>
    <property name="awt.toolkit" value="sun.awt.windows.WToolkit"/>
    <property name="java.specification.version" value="11"/>
    <property name="sun.cpu.isalist" value="amd64"/>
    <property name="sun.jnu.encoding" value="Cp1252"/>
    <property name="java.class.path" value="C:\Users\Bojan Lukic\Documents\NetBeansProjects\mooc-java-programming-ii\part11-Part11_08.FirstPackages\target\test-classes;C:\Users\Bojan Lukic\Documents\NetBeansProjects\mooc-java-programming-ii\part11-Part11_08.FirstPackages\target\classes;C:\Users\Bojan Lukic\.m2\repository\junit\junit\4.12\junit-4.12.jar;C:\Users\Bojan Lukic\.m2\repository\org\hamcrest\hamcrest-core\1.3\hamcrest-core-1.3.jar;C:\Users\Bojan Lukic\.m2\repository\fi\helsinki\cs\tmc\edu-test-utils\0.4.2\edu-test-utils-0.4.2.jar;"/>
    <property name="java.vm.vendor" value="Oracle Corporation"/>
    <property name="sun.arch.data.model" value="64"/>
    <property name="user.variant" value=""/>
    <property name="java.vendor.url" value="http://java.oracle.com/"/>
    <property name="user.timezone" value="Europe/Prague"/>
    <property name="java.vm.specification.version" value="11"/>
    <property name="os.name" value="Windows 10"/>
    <property name="sun.java.launcher" value="SUN_STANDARD"/>
    <property name="user.country" value="US"/>
    <property name="sun.boot.library.path" value="C:\Program Files\Java\jdk-11.0.2\bin"/>
    <property name="sun.java.command" value="C:\Users\BOJANL~1\AppData\Local\Temp\surefire10215078328007971932\surefirebooter13052192471202815120.jar C:\Users\Bojan Lukic\AppData\Local\Temp\surefire10215078328007971932 2021-12-22T10-00-41_734-jvmRun1 surefire1626825580921338376tmp surefire_015328594779863026514tmp"/>
    <property name="jdk.debug" value="release"/>
    <property name="surefire.test.class.path" value="C:\Users\Bojan Lukic\Documents\NetBeansProjects\mooc-java-programming-ii\part11-Part11_08.FirstPackages\target\test-classes;C:\Users\Bojan Lukic\Documents\NetBeansProjects\mooc-java-programming-ii\part11-Part11_08.FirstPackages\target\classes;C:\Users\Bojan Lukic\.m2\repository\junit\junit\4.12\junit-4.12.jar;C:\Users\Bojan Lukic\.m2\repository\org\hamcrest\hamcrest-core\1.3\hamcrest-core-1.3.jar;C:\Users\Bojan Lukic\.m2\repository\fi\helsinki\cs\tmc\edu-test-utils\0.4.2\edu-test-utils-0.4.2.jar;"/>
    <property name="sun.cpu.endian" value="little"/>
    <property name="user.home" value="C:\Users\Bojan Lukic"/>
    <property name="user.language" value="en"/>
    <property name="java.specification.vendor" value="Oracle Corporation"/>
    <property name="java.version.date" value="2019-01-15"/>
    <property name="java.home" value="C:\Program Files\Java\jdk-11.0.2"/>
    <property name="file.separator" value="\"/>
    <property name="basedir" value="C:\Users\Bojan Lukic\Documents\NetBeansProjects\mooc-java-programming-ii\part11-Part11_08.FirstPackages"/>
    <property name="java.vm.compressedOopsMode" value="32-bit"/>
    <property name="line.separator" value="&#10;"/>
    <property name="java.specification.name" value="Java Platform API Specification"/>
    <property name="java.vm.specification.vendor" value="Oracle Corporation"/>
    <property name="java.awt.graphicsenv" value="sun.awt.Win32GraphicsEnvironment"/>
    <property name="surefire.real.class.path" value="C:\Users\BOJANL~1\AppData\Local\Temp\surefire10215078328007971932\surefirebooter13052192471202815120.jar"/>
    <property name="jdk.net.URLClassPath.disableClassPathURLCheck" value="true"/>
    <property name="user.script" value=""/>
    <property name="sun.management.compiler" value="HotSpot 64-Bit Tiered Compilers"/>
    <property name="java.runtime.version" value="11.0.2+9-LTS"/>
    <property name="user.name" value="Bojan Lukic"/>
    <property name="path.separator" value=";"/>
    <property name="os.version" value="10.0"/>
    <property name="java.runtime.name" value="Java(TM) SE Runtime Environment"/>
    <property name="file.encoding" value="UTF-8"/>
    <property name="java.vm.name" value="Java HotSpot(TM) 64-Bit Server VM"/>
    <property name="java.vendor.version" value="18.9"/>
    <property name="localRepository" value="C:\Users\Bojan Lukic\.m2\repository"/>
    <property name="java.vendor.url.bug" value="http://bugreport.java.com/bugreport/"/>
    <property name="java.io.tmpdir" value="C:\Users\BOJANL~1\AppData\Local\Temp\"/>
    <property name="java.version" value="11.0.2"/>
    <property name="user.dir" value="C:\Users\Bojan Lukic\Documents\NetBeansProjects\mooc-java-programming-ii\part11-Part11_08.FirstPackages"/>
    <property name="os.arch" value="amd64"/>
    <property name="java.vm.specification.name" value="Java Virtual Machine Specification"/>
    <property name="java.awt.printerjob" value="sun.awt.windows.WPrinterJob"/>
    <property name="sun.os.patch.level" value=""/>
    <property name="java.library.path" value="C:\Program Files\Java\jdk-11.0.2\bin;C:\WINDOWS\Sun\Java\bin;C:\WINDOWS\system32;C:\WINDOWS;C:\Program Files\Java\jdk-11.0.2\bin;C:\WINDOWS\system32;C:\WINDOWS;C:\WINDOWS\System32\Wbem;C:\WINDOWS\System32\WindowsPowerShell\v1.0\;C:\Program Files\NVIDIA Corporation\NVIDIA NvDLISR;C:\Program Files\dotnet\;C:\Program Files (x86)\NVIDIA Corporation\PhysX\Common;C:\WINDOWS\system32;C:\WINDOWS;C:\WINDOWS\System32\Wbem;C:\WINDOWS\System32\WindowsPowerShell\v1.0\;C:\WINDOWS\System32\OpenSSH\;C:\Android;C:\Windows\System32;C:\Program Files\Git\cmd;C:\Program Files\apache-maven-3.8.4\bin;C:\Program Files\gradle-7.3.2\bin;C:\Program Files\MySQL\MySQL Shell 8.0\bin\;C:\Users\Bojan Lukic\AppData\Local\Microsoft\WindowsApps;C:\Program Files\JetBrains\IntelliJ IDEA Community Edition 2020.3\bin;;C:\Users\Bojan Lukic\sqlite-tools-win32-x86-3370000;;."/>
    <property name="java.vendor" value="Oracle Corporation"/>
    <property name="java.vm.info" value="mixed mode"/>
    <property name="java.vm.version" value="11.0.2+9-LTS"/>
    <property name="sun.io.unicode.encoding" value="UnicodeLittle"/>
    <property name="java.class.version" value="55.0"/>
  </properties>
  <testcase name="uiInterfaceExists" classname="FirstPackagesTest" time="0.034"/>
  <testcase name="anotherApplication" classname="FirstPackagesTest" time="0.133">
    <failure message="the ApplicationLogic&apos;s variable private mooc.ui.UserInterface mooc.logic.ApplicationLogic.ui null. &#10;Please set it to the variable passed from the appLogic&apos;s constructor!" type="java.lang.AssertionError">java.lang.AssertionError: 
the ApplicationLogic's variable private mooc.ui.UserInterface mooc.logic.ApplicationLogic.ui null. 
Please set it to the variable passed from the appLogic's constructor!
	at FirstPackagesTest.anotherApplication(FirstPackagesTest.java:224)
</failure>
  </testcase>
  <testcase name="limitVariableCount" classname="FirstPackagesTest" time="0"/>
  <testcase name="applicationCallsTheUI" classname="FirstPackagesTest" time="0.009"/>
  <testcase name="creatingApplicationLogicObject" classname="FirstPackagesTest" time="0.007">
    <failure message="the objectvariable of ApplicationLogic private mooc.ui.UserInterface .ui null. &#10;Please set it to the variable passed from the appLogic&apos;s constructor!" type="java.lang.AssertionError">java.lang.AssertionError: 
the objectvariable of ApplicationLogic private mooc.ui.UserInterface .ui null. 
Please set it to the variable passed from the appLogic's constructor!
	at FirstPackagesTest.creatingApplicationLogicObject(FirstPackagesTest.java:167)
</failure>
  </testcase>
  <testcase name="TextInterfaceExists" classname="FirstPackagesTest" time="0"/>
  <testcase name="TextInterfacePrints" classname="FirstPackagesTest" time="0.003"/>
  <testcase name="ApplicationLogicExists" classname="FirstPackagesTest" time="0.001"/>
</testsuite>